SQL Fetcher Started...
**********************************2013-05-31 14:43:26
Set mysql port:3306
**********************************2013-05-31 14:43:26
Set mysql insert buffer size:500
**********************************2013-05-31 14:43:26
Mysql localhost is connected.
**********************************2013-05-31 14:43:26
Teradata martini.vip.ebay.com is connected.
**********************************2013-05-31 14:43:29
Start fetching dbc.DBQLogTbl...
**********************************2013-05-31 14:43:29
Mysql executing sql:
delete from flow_dbql_raw
**********************************2013-05-31 14:43:37
Affected rows : 24282
**********************************2013-05-31 14:43:37
Mysql started insert batch: flow_dbql_raw(SQLRecord)
**********************************2013-05-31 14:43:37
Mysql insert batch:flow_dbql_raw(SQLRecord)Already inserted 501
**********************************2013-05-31 14:43:37
Mysql insert batch:flow_dbql_raw(SQLRecord)Already inserted 1002
**********************************2013-05-31 14:43:38
Mysql insert batch:flow_dbql_raw(SQLRecord)Already inserted 1503
**********************************2013-05-31 14:43:42
Mysql insert batch:flow_dbql_raw(SQLRecord)Already inserted 2004
**********************************2013-05-31 14:43:43
Mysql insert batch:flow_dbql_raw(SQLRecord)Already inserted 2505
**********************************2013-05-31 14:43:47
Mysql insert batch:flow_dbql_raw(SQLRecord)Already inserted 3006
**********************************2013-05-31 14:43:47
Mysql insert batch:flow_dbql_raw(SQLRecord)Already inserted 3507
**********************************2013-05-31 14:43:47
Mysql insert batch:flow_dbql_raw(SQLRecord)Already inserted 4008
**********************************2013-05-31 14:43:52
Mysql insert batch:flow_dbql_raw(SQLRecord)Already inserted 4509
**********************************2013-05-31 14:43:52
Mysql insert batch:flow_dbql_raw(SQLRecord)Already inserted 5010
**********************************2013-05-31 14:43:58
Mysql insert batch:flow_dbql_raw(SQLRecord)Already inserted 5511
**********************************2013-05-31 14:43:58
Mysql insert batch:flow_dbql_raw(SQLRecord)Already inserted 6012
**********************************2013-05-31 14:43:58
Mysql insert batch:flow_dbql_raw(SQLRecord)Already inserted 6513
**********************************2013-05-31 14:44:04
Mysql insert batch:flow_dbql_raw(SQLRecord)Already inserted 7014
**********************************2013-05-31 14:44:04
Mysql insert batch:flow_dbql_raw(SQLRecord)Already inserted 7515
**********************************2013-05-31 14:44:09
Mysql insert batch:flow_dbql_raw(SQLRecord)Already inserted 8016
**********************************2013-05-31 14:44:09
Mysql insert batch:flow_dbql_raw(SQLRecord)Already inserted 8517
**********************************2013-05-31 14:44:10
Mysql insert batch:flow_dbql_raw(SQLRecord)Already inserted 9018
**********************************2013-05-31 14:44:15
Mysql insert batch:flow_dbql_raw(SQLRecord)Already inserted 9519
**********************************2013-05-31 14:44:15
Mysql insert batch:flow_dbql_raw(SQLRecord)Already inserted 10020
**********************************2013-05-31 14:44:15
Mysql insert batch:flow_dbql_raw(SQLRecord)Already inserted 10521
**********************************2013-05-31 14:44:23
Mysql insert batch:flow_dbql_raw(SQLRecord)Already inserted 11022
**********************************2013-05-31 14:44:23
Mysql insert batch:flow_dbql_raw(SQLRecord)Already inserted 11523
**********************************2013-05-31 14:44:31
Mysql insert batch:flow_dbql_raw(SQLRecord)Already inserted 12024
**********************************2013-05-31 14:44:31
Mysql insert batch:flow_dbql_raw(SQLRecord)Already inserted 12525
**********************************2013-05-31 14:44:31
Mysql insert batch:flow_dbql_raw(SQLRecord)Already inserted 13026
**********************************2013-05-31 14:44:36
Mysql insert batch:flow_dbql_raw(SQLRecord)Already inserted 13527
**********************************2013-05-31 14:44:37
Mysql insert batch:flow_dbql_raw(SQLRecord)Already inserted 14028
**********************************2013-05-31 14:44:42
Mysql insert batch:flow_dbql_raw(SQLRecord)Already inserted 14529
**********************************2013-05-31 14:44:42
Mysql insert batch:flow_dbql_raw(SQLRecord)Already inserted 15030
**********************************2013-05-31 14:44:42
Mysql insert batch:flow_dbql_raw(SQLRecord)Already inserted 15531
**********************************2013-05-31 14:44:47
Mysql insert batch:flow_dbql_raw(SQLRecord)Already inserted 16032
**********************************2013-05-31 14:44:47
Mysql insert batch:flow_dbql_raw(SQLRecord)Already inserted 16533
**********************************2013-05-31 14:44:52
Mysql insert batch:flow_dbql_raw(SQLRecord)Already inserted 17034
**********************************2013-05-31 14:44:52
Mysql insert batch:flow_dbql_raw(SQLRecord)Already inserted 17535
**********************************2013-05-31 14:44:56
Mysql insert batch:flow_dbql_raw(SQLRecord)Already inserted 18036
**********************************2013-05-31 14:44:57
Mysql insert batch:flow_dbql_raw(SQLRecord)Already inserted 18537
**********************************2013-05-31 14:44:57
Mysql insert batch:flow_dbql_raw(SQLRecord)Already inserted 19038
**********************************2013-05-31 14:45:01
Mysql insert batch:flow_dbql_raw(SQLRecord)Already inserted 19539
**********************************2013-05-31 14:45:01
Mysql insert batch:flow_dbql_raw(SQLRecord)Already inserted 20040
**********************************2013-05-31 14:45:08
Mysql insert batch:flow_dbql_raw(SQLRecord)Already inserted 20541
**********************************2013-05-31 14:45:08
Mysql insert batch:flow_dbql_raw(SQLRecord)Already inserted 21042
**********************************2013-05-31 14:45:09
Mysql insert batch:flow_dbql_raw(SQLRecord)Already inserted 21543
**********************************2013-05-31 14:45:16
Mysql insert batch:flow_dbql_raw(SQLRecord)Already inserted 22044
**********************************2013-05-31 14:45:16
Mysql insert batch:flow_dbql_raw(SQLRecord)Already inserted 22545
**********************************2013-05-31 14:45:23
Mysql insert batch:flow_dbql_raw(SQLRecord)Already inserted 23046
**********************************2013-05-31 14:45:23
Mysql insert batch:flow_dbql_raw(SQLRecord)Already inserted 23547
**********************************2013-05-31 14:45:28
Mysql insert batch:flow_dbql_raw(SQLRecord)Already inserted 24048
**********************************2013-05-31 14:45:28
Mysql insert batch:flow_dbql_raw(SQLRecord)Totally inserted 24319
**********************************2013-05-31 14:45:29
Mysql insert batch ended:flow_dbql_raw(SQLRecord)
**********************************2013-05-31 14:45:29
Ended fetching dbc.DBQLogTbl...
**********************************2013-05-31 14:45:29
Start fetching dbc.DBQLObjTbl...
**********************************2013-05-31 14:45:29
Mysql executing sql:
delete from flow_obj_usg_raw
**********************************2013-05-31 14:45:32
Affected rows : 36999
**********************************2013-05-31 14:45:32
Mysql started insert batch: flow_obj_usg_raw(TableUsage)
**********************************2013-05-31 14:45:32
Mysql insert batch:flow_obj_usg_raw(TableUsage)Already inserted 501
**********************************2013-05-31 14:45:32
Mysql insert batch:flow_obj_usg_raw(TableUsage)Already inserted 1002
**********************************2013-05-31 14:45:32
Mysql insert batch:flow_obj_usg_raw(TableUsage)Already inserted 1503
**********************************2013-05-31 14:45:32
Mysql insert batch:flow_obj_usg_raw(TableUsage)Already inserted 2004
**********************************2013-05-31 14:45:32
Mysql insert batch:flow_obj_usg_raw(TableUsage)Already inserted 2505
**********************************2013-05-31 14:45:33
Mysql insert batch:flow_obj_usg_raw(TableUsage)Already inserted 3006
**********************************2013-05-31 14:45:33
Mysql insert batch:flow_obj_usg_raw(TableUsage)Already inserted 3507
**********************************2013-05-31 14:45:33
Mysql insert batch:flow_obj_usg_raw(TableUsage)Already inserted 4008
**********************************2013-05-31 14:45:35
Mysql insert batch:flow_obj_usg_raw(TableUsage)Already inserted 4509
**********************************2013-05-31 14:45:35
Mysql insert batch:flow_obj_usg_raw(TableUsage)Already inserted 5010
**********************************2013-05-31 14:45:35
Mysql insert batch:flow_obj_usg_raw(TableUsage)Already inserted 5511
**********************************2013-05-31 14:45:35
Mysql insert batch:flow_obj_usg_raw(TableUsage)Already inserted 6012
**********************************2013-05-31 14:45:35
Mysql insert batch:flow_obj_usg_raw(TableUsage)Already inserted 6513
**********************************2013-05-31 14:45:35
Mysql insert batch:flow_obj_usg_raw(TableUsage)Already inserted 7014
**********************************2013-05-31 14:45:35
Mysql insert batch:flow_obj_usg_raw(TableUsage)Already inserted 7515
**********************************2013-05-31 14:45:36
Mysql insert batch:flow_obj_usg_raw(TableUsage)Already inserted 8016
**********************************2013-05-31 14:45:39
Mysql insert batch:flow_obj_usg_raw(TableUsage)Already inserted 8517
**********************************2013-05-31 14:45:39
Mysql insert batch:flow_obj_usg_raw(TableUsage)Already inserted 9018
**********************************2013-05-31 14:45:39
Mysql insert batch:flow_obj_usg_raw(TableUsage)Already inserted 9519
**********************************2013-05-31 14:45:40
Mysql insert batch:flow_obj_usg_raw(TableUsage)Already inserted 10020
**********************************2013-05-31 14:45:40
Mysql insert batch:flow_obj_usg_raw(TableUsage)Already inserted 10521
**********************************2013-05-31 14:45:40
Mysql insert batch:flow_obj_usg_raw(TableUsage)Already inserted 11022
**********************************2013-05-31 14:45:40
Mysql insert batch:flow_obj_usg_raw(TableUsage)Already inserted 11523
**********************************2013-05-31 14:45:40
Mysql insert batch:flow_obj_usg_raw(TableUsage)Already inserted 12024
**********************************2013-05-31 14:45:43
Mysql insert batch:flow_obj_usg_raw(TableUsage)Already inserted 12525
**********************************2013-05-31 14:45:43
Mysql insert batch:flow_obj_usg_raw(TableUsage)Already inserted 13026
**********************************2013-05-31 14:45:43
Mysql insert batch:flow_obj_usg_raw(TableUsage)Already inserted 13527
**********************************2013-05-31 14:45:43
Mysql insert batch:flow_obj_usg_raw(TableUsage)Already inserted 14028
**********************************2013-05-31 14:45:44
Mysql insert batch:flow_obj_usg_raw(TableUsage)Already inserted 14529
**********************************2013-05-31 14:45:44
Mysql insert batch:flow_obj_usg_raw(TableUsage)Already inserted 15030
**********************************2013-05-31 14:45:44
Mysql insert batch:flow_obj_usg_raw(TableUsage)Already inserted 15531
**********************************2013-05-31 14:45:44
Mysql insert batch:flow_obj_usg_raw(TableUsage)Already inserted 16032
**********************************2013-05-31 14:45:47
Mysql insert batch:flow_obj_usg_raw(TableUsage)Already inserted 16533
**********************************2013-05-31 14:45:47
Mysql insert batch:flow_obj_usg_raw(TableUsage)Already inserted 17034
**********************************2013-05-31 14:45:47
Mysql insert batch:flow_obj_usg_raw(TableUsage)Already inserted 17535
**********************************2013-05-31 14:45:47
Mysql insert batch:flow_obj_usg_raw(TableUsage)Already inserted 18036
**********************************2013-05-31 14:45:47
Mysql insert batch:flow_obj_usg_raw(TableUsage)Already inserted 18537
**********************************2013-05-31 14:45:47
Mysql insert batch:flow_obj_usg_raw(TableUsage)Already inserted 19038
**********************************2013-05-31 14:45:47
Mysql insert batch:flow_obj_usg_raw(TableUsage)Already inserted 19539
**********************************2013-05-31 14:45:47
Mysql insert batch:flow_obj_usg_raw(TableUsage)Already inserted 20040
**********************************2013-05-31 14:45:50
Mysql insert batch:flow_obj_usg_raw(TableUsage)Already inserted 20541
**********************************2013-05-31 14:45:50
Mysql insert batch:flow_obj_usg_raw(TableUsage)Already inserted 21042
**********************************2013-05-31 14:45:50
Mysql insert batch:flow_obj_usg_raw(TableUsage)Already inserted 21543
**********************************2013-05-31 14:45:50
Mysql insert batch:flow_obj_usg_raw(TableUsage)Already inserted 22044
**********************************2013-05-31 14:45:50
Mysql insert batch:flow_obj_usg_raw(TableUsage)Already inserted 22545
**********************************2013-05-31 14:45:50
Mysql insert batch:flow_obj_usg_raw(TableUsage)Already inserted 23046
**********************************2013-05-31 14:45:50
Mysql insert batch:flow_obj_usg_raw(TableUsage)Already inserted 23547
**********************************2013-05-31 14:45:50
Mysql insert batch:flow_obj_usg_raw(TableUsage)Already inserted 24048
**********************************2013-05-31 14:45:53
Mysql insert batch:flow_obj_usg_raw(TableUsage)Already inserted 24549
**********************************2013-05-31 14:45:53
Mysql insert batch:flow_obj_usg_raw(TableUsage)Already inserted 25050
**********************************2013-05-31 14:45:53
Mysql insert batch:flow_obj_usg_raw(TableUsage)Already inserted 25551
**********************************2013-05-31 14:45:53
Mysql insert batch:flow_obj_usg_raw(TableUsage)Already inserted 26052
**********************************2013-05-31 14:45:53
Mysql insert batch:flow_obj_usg_raw(TableUsage)Already inserted 26553
**********************************2013-05-31 14:45:53
Mysql insert batch:flow_obj_usg_raw(TableUsage)Already inserted 27054
**********************************2013-05-31 14:45:54
Mysql insert batch:flow_obj_usg_raw(TableUsage)Already inserted 27555
**********************************2013-05-31 14:45:54
Mysql insert batch:flow_obj_usg_raw(TableUsage)Already inserted 28056
**********************************2013-05-31 14:45:56
Mysql insert batch:flow_obj_usg_raw(TableUsage)Already inserted 28557
**********************************2013-05-31 14:45:56
Mysql insert batch:flow_obj_usg_raw(TableUsage)Already inserted 29058
**********************************2013-05-31 14:45:56
Mysql insert batch:flow_obj_usg_raw(TableUsage)Already inserted 29559
**********************************2013-05-31 14:45:56
Mysql insert batch:flow_obj_usg_raw(TableUsage)Already inserted 30060
**********************************2013-05-31 14:45:57
Mysql insert batch:flow_obj_usg_raw(TableUsage)Already inserted 30561
**********************************2013-05-31 14:45:57
Mysql insert batch:flow_obj_usg_raw(TableUsage)Already inserted 31062
**********************************2013-05-31 14:45:57
Mysql insert batch:flow_obj_usg_raw(TableUsage)Already inserted 31563
**********************************2013-05-31 14:45:57
Mysql insert batch:flow_obj_usg_raw(TableUsage)Already inserted 32064
**********************************2013-05-31 14:45:59
Mysql insert batch:flow_obj_usg_raw(TableUsage)Already inserted 32565
**********************************2013-05-31 14:45:59
Mysql insert batch:flow_obj_usg_raw(TableUsage)Already inserted 33066
**********************************2013-05-31 14:46:00
Mysql insert batch:flow_obj_usg_raw(TableUsage)Already inserted 33567
**********************************2013-05-31 14:46:00
Mysql insert batch:flow_obj_usg_raw(TableUsage)Already inserted 34068
**********************************2013-05-31 14:46:00
Mysql insert batch:flow_obj_usg_raw(TableUsage)Already inserted 34569
**********************************2013-05-31 14:46:00
Mysql insert batch:flow_obj_usg_raw(TableUsage)Already inserted 35070
**********************************2013-05-31 14:46:00
Mysql insert batch:flow_obj_usg_raw(TableUsage)Already inserted 35571
**********************************2013-05-31 14:46:00
Mysql insert batch:flow_obj_usg_raw(TableUsage)Already inserted 36072
**********************************2013-05-31 14:46:01
Mysql insert batch:flow_obj_usg_raw(TableUsage)Already inserted 36573
**********************************2013-05-31 14:46:01
Mysql insert batch:flow_obj_usg_raw(TableUsage)Totally inserted 37047
**********************************2013-05-31 14:46:01
Mysql insert batch ended:flow_obj_usg_raw(TableUsage)
**********************************2013-05-31 14:46:01
Ended fetching dbc.DBQLObjTbl...
**********************************2013-05-31 14:46:01
