	at com.teradata.jdbc.jdbc_4.util.ErrorFactory.makeDriverJDBCException(ErrorFactory.java:93)
**********************************2013-06-04 11:16:53
	at com.teradata.jdbc.jdbc_4.util.ErrorFactory.makeDriverJDBCException(ErrorFactory.java:68)
**********************************2013-06-04 11:16:53
	at com.teradata.jdbc.jdbc_4.util.ErrorFactory.makeIoJDBCException(ErrorFactory.java:206)
**********************************2013-06-04 11:16:53
	at com.teradata.jdbc.jdbc_4.util.ErrorAnalyzer.analyzeIoError(ErrorAnalyzer.java:61)
**********************************2013-06-04 11:16:53
	at com.teradata.jdbc.jdbc_4.io.TDNetworkIOIF.createSocketConnection(TDNetworkIOIF.java:137)
**********************************2013-06-04 11:16:53
	at com.teradata.jdbc.jdbc_4.io.TDNetworkIOIF.<init>(TDNetworkIOIF.java:116)
**********************************2013-06-04 11:16:53
	at com.teradata.jdbc.jdbc_4.TDSession.getIO(TDSession.java:586)
**********************************2013-06-04 11:16:53
	at com.teradata.jdbc.jdbc.GenericLogonController.run(GenericLogonController.java:95)
**********************************2013-06-04 11:16:53
	at com.teradata.jdbc.jdbc_4.TDSession.<init>(TDSession.java:215)
**********************************2013-06-04 11:16:53
	at com.teradata.jdbc.jdk6.JDK6_SQL_Connection.<init>(JDK6_SQL_Connection.java:30)
**********************************2013-06-04 11:16:54
	at com.teradata.jdbc.jdk6.JDK6ConnectionFactory.constructConnection(JDK6ConnectionFactory.java:22)
**********************************2013-06-04 11:16:54
	at com.teradata.jdbc.jdbc.ConnectionFactory.createConnection(ConnectionFactory.java:130)
**********************************2013-06-04 11:16:54
	at com.teradata.jdbc.jdbc.ConnectionFactory.createConnection(ConnectionFactory.java:120)
**********************************2013-06-04 11:16:54
	at com.teradata.jdbc.TeraDriver.doConnect(TeraDriver.java:228)
**********************************2013-06-04 11:16:54
	at com.teradata.jdbc.TeraDriver.connect(TeraDriver.java:154)
**********************************2013-06-04 11:16:54
	at java.sql.DriverManager.getConnection(DriverManager.java:582)
**********************************2013-06-04 11:16:54
	at java.sql.DriverManager.getConnection(DriverManager.java:185)
**********************************2013-06-04 11:16:54
	at in.masr.reonlyeradb.ReonlyTeraDB.connect(ReonlyTeraDB.java:69)
**********************************2013-06-04 11:16:54
	at in.masr.tdflow.Fetcher.<init>(Fetcher.java:30)
**********************************2013-06-04 11:16:54
	at in.masr.tdflow.Fetcher.main(Fetcher.java:79)
**********************************2013-06-04 11:16:54
Caused by: java.net.UnknownHostException: martini.vip.ebay.com
**********************************2013-06-04 11:16:54
	at java.net.Inet6AddressImpl.lookupAllHostAddr(Native Method)
**********************************2013-06-04 11:16:54
	at java.net.InetAddress$1.lookupAllHostAddr(InetAddress.java:849)
**********************************2013-06-04 11:16:54
	at java.net.InetAddress.getAddressFromNameService(InetAddress.java:1202)
**********************************2013-06-04 11:16:54
	at java.net.InetAddress.getAllByName0(InetAddress.java:1153)
**********************************2013-06-04 11:16:54
	at java.net.InetAddress.getAllByName(InetAddress.java:1083)
**********************************2013-06-04 11:16:54
	at java.net.InetAddress.getAllByName(InetAddress.java:1019)
**********************************2013-06-04 11:16:54
	at com.teradata.jdbc.jdbc_4.io.TDNetworkIOIF$Lookup.<init>(TDNetworkIOIF.java:182)
**********************************2013-06-04 11:16:54
	at com.teradata.jdbc.jdbc_4.io.TDNetworkIOIF.connectToHost(TDNetworkIOIF.java:281)
**********************************2013-06-04 11:16:54
	at com.teradata.jdbc.jdbc_4.io.TDNetworkIOIF.createSocketConnection(TDNetworkIOIF.java:130)
**********************************2013-06-04 11:16:54
	... 15 more
**********************************2013-06-04 11:16:54
